<?xml version="1.0" encoding="UTF-8"?>
<!-- Generated by org.testng.reporters.JUnitReportReporter -->
<testsuite hostname="DESKTOP-T49BQB4" failures="0" tests="9" name="cancelAPI.UpdateAPI" time="14.789" errors="0" timestamp="2023-01-30T17:48:05 IST" skipped="0">
  <testcase classname="cancelAPI.UpdateAPI" name="updateValue" time="1.790"/>
  <system-out/>
  <testcase classname="cancelAPI.UpdateAPI" name="updateValue" time="4.410"/>
  <system-out/>
  <testcase classname="cancelAPI.UpdateAPI" name="updateValue" time="1.317"/>
  <system-out/>
  <testcase classname="cancelAPI.UpdateAPI" name="updateValue" time="1.198"/>
  <system-out/>
  <testcase classname="cancelAPI.UpdateAPI" name="updateValue" time="1.103"/>
  <system-out/>
  <testcase classname="cancelAPI.UpdateAPI" name="updateValue" time="1.116"/>
  <system-out/>
  <testcase classname="cancelAPI.UpdateAPI" name="updateValue" time="1.367"/>
  <system-out/>
  <testcase classname="cancelAPI.UpdateAPI" name="updateValue" time="1.403"/>
  <system-out/>
  <testcase classname="cancelAPI.UpdateAPI" name="updateValue" time="1.085"/>
  <system-out/>
</testsuite> <!-- cancelAPI.UpdateAPI -->
